Python path configuration:
  PYTHONHOME = (not set)
  PYTHONPATH = '.'
  program name = '/Library/Developer/CommandLineTools/usr/bin/python3'
  isolated = 0
  environment = 1
  user site = 1
  import site = 1
  sys._base_executable = '/Library/Developer/CommandLineTools/usr/bin/python3'
  sys.base_prefix = '/Library/Developer/CommandLineTools/Library/Frameworks/Python3.framework/Versions/3.9'
  sys.base_exec_prefix = '/Library/Developer/CommandLineTools/Library/Frameworks/Python3.framework/Versions/3.9'
  sys.platlibdir = 'lib'
  sys.executable = '/Library/Developer/CommandLineTools/usr/bin/python3'
  sys.prefix = '/Library/Developer/CommandLineTools/Library/Frameworks/Python3.framework/Versions/3.9'
  sys.exec_prefix = '/Library/Developer/CommandLineTools/Library/Frameworks/Python3.framework/Versions/3.9'
  sys.path = [
    '.',
    '/Library/Developer/CommandLineTools/Library/Frameworks/Python3.framework/Versions/3.9/lib/python39.zip',
    '/Library/Developer/CommandLineTools/Library/Frameworks/Python3.framework/Versions/3.9/lib/python3.9',
    '/Library/Developer/CommandLineTools/Library/Frameworks/Python3.framework/Versions/3.9/lib/python3.9/lib-dynload',
  ]
Fatal Python error: init_fs_encoding: failed to get the Python codec of the filesystem encoding
Python runtime state: core initialized
Traceback (most recent call last):
  File "<frozen importlib._bootstrap_external>", line 1353, in _path_importer_cache
KeyError: '.'

During handling of the above exception, another exception occurred:

Traceback (most recent call last):
  File "<frozen importlib._bootstrap>", line 1007, in _find_and_load
  File "<frozen importlib._bootstrap>", line 982, in _find_and_load_unlocked
  File "<frozen importlib._bootstrap>", line 925, in _find_spec
  File "<frozen importlib._bootstrap_external>", line 1414, in find_spec
  File "<frozen importlib._bootstrap_external>", line 1383, in _get_spec
  File "<frozen importlib._bootstrap_external>", line 1355, in _path_importer_cache
  File "<frozen importlib._bootstrap_external>", line 1331, in _path_hooks
  File "<frozen importlib._bootstrap_external>", line 1601, in path_hook_for_FileFinder
  File "<frozen importlib._bootstrap_external>", line 1477, in __init__
PermissionError: [Errno 1] Operation not permitted
